0 info it worked if it ends with ok
1 verbose cli [ '/usr/local/bin/node', '/usr/local/bin/npm', 'update' ]
2 info using npm@3.9.6
3 info using node@v4.4.4
4 silly mapToRegistry name babel-plugin-syntax-object-rest-spread
5 silly mapToRegistry using default registry
6 silly mapToRegistry registry http://npm.spatie.be/
7 silly mapToRegistry data Result {
7 silly mapToRegistry   raw: 'babel-plugin-syntax-object-rest-spread',
7 silly mapToRegistry   scope: null,
7 silly mapToRegistry   name: 'babel-plugin-syntax-object-rest-spread',
7 silly mapToRegistry   rawSpec: '',
7 silly mapToRegistry   spec: 'latest',
7 silly mapToRegistry   type: 'tag' }
8 silly mapToRegistry uri http://npm.spatie.be/babel-plugin-syntax-object-rest-spread
9 silly mapToRegistry name babelify
10 silly mapToRegistry using default registry
11 silly mapToRegistry registry http://npm.spatie.be/
12 silly mapToRegistry data Result {
12 silly mapToRegistry   raw: 'babelify',
12 silly mapToRegistry   scope: null,
12 silly mapToRegistry   name: 'babelify',
12 silly mapToRegistry   rawSpec: '',
12 silly mapToRegistry   spec: 'latest',
12 silly mapToRegistry   type: 'tag' }
13 silly mapToRegistry uri http://npm.spatie.be/babelify
14 silly mapToRegistry name postcss-nesting
15 silly mapToRegistry using default registry
16 silly mapToRegistry registry http://npm.spatie.be/
17 silly mapToRegistry data Result {
17 silly mapToRegistry   raw: 'postcss-nesting',
17 silly mapToRegistry   scope: null,
17 silly mapToRegistry   name: 'postcss-nesting',
17 silly mapToRegistry   rawSpec: '',
17 silly mapToRegistry   spec: 'latest',
17 silly mapToRegistry   type: 'tag' }
18 silly mapToRegistry uri http://npm.spatie.be/postcss-nesting
19 silly mapToRegistry name autoprefixer
20 silly mapToRegistry using default registry
21 silly mapToRegistry registry http://npm.spatie.be/
22 silly mapToRegistry data Result {
22 silly mapToRegistry   raw: 'autoprefixer',
22 silly mapToRegistry   scope: null,
22 silly mapToRegistry   name: 'autoprefixer',
22 silly mapToRegistry   rawSpec: '',
22 silly mapToRegistry   spec: 'latest',
22 silly mapToRegistry   type: 'tag' }
23 silly mapToRegistry uri http://npm.spatie.be/autoprefixer
24 silly mapToRegistry name babel-cli
25 silly mapToRegistry using default registry
26 silly mapToRegistry registry http://npm.spatie.be/
27 silly mapToRegistry data Result {
27 silly mapToRegistry   raw: 'babel-cli',
27 silly mapToRegistry   scope: null,
27 silly mapToRegistry   name: 'babel-cli',
27 silly mapToRegistry   rawSpec: '',
27 silly mapToRegistry   spec: 'latest',
27 silly mapToRegistry   type: 'tag' }
28 silly mapToRegistry uri http://npm.spatie.be/babel-cli
29 silly mapToRegistry name babel-plugin-transform-node-env-inline
30 silly mapToRegistry using default registry
31 silly mapToRegistry registry http://npm.spatie.be/
32 silly mapToRegistry data Result {
32 silly mapToRegistry   raw: 'babel-plugin-transform-node-env-inline',
32 silly mapToRegistry   scope: null,
32 silly mapToRegistry   name: 'babel-plugin-transform-node-env-inline',
32 silly mapToRegistry   rawSpec: '',
32 silly mapToRegistry   spec: 'latest',
32 silly mapToRegistry   type: 'tag' }
33 silly mapToRegistry uri http://npm.spatie.be/babel-plugin-transform-node-env-inline
34 silly mapToRegistry name babel-preset-es2015
35 silly mapToRegistry using default registry
36 silly mapToRegistry registry http://npm.spatie.be/
37 silly mapToRegistry data Result {
37 silly mapToRegistry   raw: 'babel-preset-es2015',
37 silly mapToRegistry   scope: null,
37 silly mapToRegistry   name: 'babel-preset-es2015',
37 silly mapToRegistry   rawSpec: '',
37 silly mapToRegistry   spec: 'latest',
37 silly mapToRegistry   type: 'tag' }
38 silly mapToRegistry uri http://npm.spatie.be/babel-preset-es2015
39 silly mapToRegistry name babel-register
40 silly mapToRegistry using default registry
41 silly mapToRegistry registry http://npm.spatie.be/
42 silly mapToRegistry data Result {
42 silly mapToRegistry   raw: 'babel-register',
42 silly mapToRegistry   scope: null,
42 silly mapToRegistry   name: 'babel-register',
42 silly mapToRegistry   rawSpec: '',
42 silly mapToRegistry   spec: 'latest',
42 silly mapToRegistry   type: 'tag' }
43 silly mapToRegistry uri http://npm.spatie.be/babel-register
44 silly mapToRegistry name chai
45 silly mapToRegistry using default registry
46 silly mapToRegistry registry http://npm.spatie.be/
47 silly mapToRegistry data Result {
47 silly mapToRegistry   raw: 'chai',
47 silly mapToRegistry   scope: null,
47 silly mapToRegistry   name: 'chai',
47 silly mapToRegistry   rawSpec: '',
47 silly mapToRegistry   spec: 'latest',
47 silly mapToRegistry   type: 'tag' }
48 silly mapToRegistry uri http://npm.spatie.be/chai
49 silly mapToRegistry name concurrently
50 silly mapToRegistry using default registry
51 silly mapToRegistry registry http://npm.spatie.be/
52 silly mapToRegistry data Result {
52 silly mapToRegistry   raw: 'concurrently',
52 silly mapToRegistry   scope: null,
52 silly mapToRegistry   name: 'concurrently',
52 silly mapToRegistry   rawSpec: '',
52 silly mapToRegistry   spec: 'latest',
52 silly mapToRegistry   type: 'tag' }
53 silly mapToRegistry uri http://npm.spatie.be/concurrently
54 silly mapToRegistry name dragula
55 silly mapToRegistry using default registry
56 silly mapToRegistry registry http://npm.spatie.be/
57 silly mapToRegistry data Result {
57 silly mapToRegistry   raw: 'dragula',
57 silly mapToRegistry   scope: null,
57 silly mapToRegistry   name: 'dragula',
57 silly mapToRegistry   rawSpec: '',
57 silly mapToRegistry   spec: 'latest',
57 silly mapToRegistry   type: 'tag' }
58 silly mapToRegistry uri http://npm.spatie.be/dragula
59 silly mapToRegistry name dropzone
60 silly mapToRegistry using default registry
61 silly mapToRegistry registry http://npm.spatie.be/
62 silly mapToRegistry data Result {
62 silly mapToRegistry   raw: 'dropzone',
62 silly mapToRegistry   scope: null,
62 silly mapToRegistry   name: 'dropzone',
62 silly mapToRegistry   rawSpec: '',
62 silly mapToRegistry   spec: 'latest',
62 silly mapToRegistry   type: 'tag' }
63 silly mapToRegistry uri http://npm.spatie.be/dropzone
64 silly mapToRegistry name eslint
65 silly mapToRegistry using default registry
66 silly mapToRegistry registry http://npm.spatie.be/
67 silly mapToRegistry data Result {
67 silly mapToRegistry   raw: 'eslint',
67 silly mapToRegistry   scope: null,
67 silly mapToRegistry   name: 'eslint',
67 silly mapToRegistry   rawSpec: '',
67 silly mapToRegistry   spec: 'latest',
67 silly mapToRegistry   type: 'tag' }
68 silly mapToRegistry uri http://npm.spatie.be/eslint
69 silly mapToRegistry name express
70 silly mapToRegistry using default registry
71 silly mapToRegistry registry http://npm.spatie.be/
72 silly mapToRegistry data Result {
72 silly mapToRegistry   raw: 'express',
72 silly mapToRegistry   scope: null,
72 silly mapToRegistry   name: 'express',
72 silly mapToRegistry   rawSpec: '',
72 silly mapToRegistry   spec: 'latest',
72 silly mapToRegistry   type: 'tag' }
73 silly mapToRegistry uri http://npm.spatie.be/express
74 silly mapToRegistry name font-awesome-filetypes
75 silly mapToRegistry using default registry
76 silly mapToRegistry registry http://npm.spatie.be/
77 silly mapToRegistry data Result {
77 silly mapToRegistry   raw: 'font-awesome-filetypes',
77 silly mapToRegistry   scope: null,
77 silly mapToRegistry   name: 'font-awesome-filetypes',
77 silly mapToRegistry   rawSpec: '',
77 silly mapToRegistry   spec: 'latest',
77 silly mapToRegistry   type: 'tag' }
78 silly mapToRegistry uri http://npm.spatie.be/font-awesome-filetypes
79 silly mapToRegistry name mocha
80 silly mapToRegistry using default registry
81 silly mapToRegistry registry http://npm.spatie.be/
82 silly mapToRegistry data Result {
82 silly mapToRegistry   raw: 'mocha',
82 silly mapToRegistry   scope: null,
82 silly mapToRegistry   name: 'mocha',
82 silly mapToRegistry   rawSpec: '',
82 silly mapToRegistry   spec: 'latest',
82 silly mapToRegistry   type: 'tag' }
83 silly mapToRegistry uri http://npm.spatie.be/mocha
84 silly mapToRegistry name multer
85 silly mapToRegistry using default registry
86 silly mapToRegistry registry http://npm.spatie.be/
87 silly mapToRegistry data Result {
87 silly mapToRegistry   raw: 'multer',
87 silly mapToRegistry   scope: null,
87 silly mapToRegistry   name: 'multer',
87 silly mapToRegistry   rawSpec: '',
87 silly mapToRegistry   spec: 'latest',
87 silly mapToRegistry   type: 'tag' }
88 silly mapToRegistry uri http://npm.spatie.be/multer
89 silly mapToRegistry name postcss-cli
90 silly mapToRegistry using default registry
91 silly mapToRegistry registry http://npm.spatie.be/
92 silly mapToRegistry data Result {
92 silly mapToRegistry   raw: 'postcss-cli',
92 silly mapToRegistry   scope: null,
92 silly mapToRegistry   name: 'postcss-cli',
92 silly mapToRegistry   rawSpec: '',
92 silly mapToRegistry   spec: 'latest',
92 silly mapToRegistry   type: 'tag' }
93 silly mapToRegistry uri http://npm.spatie.be/postcss-cli
94 silly mapToRegistry name postcss-easy-import
95 silly mapToRegistry using default registry
96 silly mapToRegistry registry http://npm.spatie.be/
97 silly mapToRegistry data Result {
97 silly mapToRegistry   raw: 'postcss-easy-import',
97 silly mapToRegistry   scope: null,
97 silly mapToRegistry   name: 'postcss-easy-import',
97 silly mapToRegistry   rawSpec: '',
97 silly mapToRegistry   spec: 'latest',
97 silly mapToRegistry   type: 'tag' }
98 silly mapToRegistry uri http://npm.spatie.be/postcss-easy-import
99 silly mapToRegistry name postcss-import
100 silly mapToRegistry using default registry
101 silly mapToRegistry registry http://npm.spatie.be/
102 silly mapToRegistry data Result {
102 silly mapToRegistry   raw: 'postcss-import',
102 silly mapToRegistry   scope: null,
102 silly mapToRegistry   name: 'postcss-import',
102 silly mapToRegistry   rawSpec: '',
102 silly mapToRegistry   spec: 'latest',
102 silly mapToRegistry   type: 'tag' }
103 silly mapToRegistry uri http://npm.spatie.be/postcss-import
104 silly mapToRegistry name postcss-nested
105 silly mapToRegistry using default registry
106 silly mapToRegistry registry http://npm.spatie.be/
107 silly mapToRegistry data Result {
107 silly mapToRegistry   raw: 'postcss-nested',
107 silly mapToRegistry   scope: null,
107 silly mapToRegistry   name: 'postcss-nested',
107 silly mapToRegistry   rawSpec: '',
107 silly mapToRegistry   spec: 'latest',
107 silly mapToRegistry   type: 'tag' }
108 silly mapToRegistry uri http://npm.spatie.be/postcss-nested
109 silly mapToRegistry name postcss-simple-vars
110 silly mapToRegistry using default registry
111 silly mapToRegistry registry http://npm.spatie.be/
112 silly mapToRegistry data Result {
112 silly mapToRegistry   raw: 'postcss-simple-vars',
112 silly mapToRegistry   scope: null,
112 silly mapToRegistry   name: 'postcss-simple-vars',
112 silly mapToRegistry   rawSpec: '',
112 silly mapToRegistry   spec: 'latest',
112 silly mapToRegistry   type: 'tag' }
113 silly mapToRegistry uri http://npm.spatie.be/postcss-simple-vars
114 silly mapToRegistry name vue
115 silly mapToRegistry using default registry
116 silly mapToRegistry registry http://npm.spatie.be/
117 silly mapToRegistry data Result {
117 silly mapToRegistry   raw: 'vue',
117 silly mapToRegistry   scope: null,
117 silly mapToRegistry   name: 'vue',
117 silly mapToRegistry   rawSpec: '',
117 silly mapToRegistry   spec: 'latest',
117 silly mapToRegistry   type: 'tag' }
118 silly mapToRegistry uri http://npm.spatie.be/vue
119 silly mapToRegistry name vuex
120 silly mapToRegistry using default registry
121 silly mapToRegistry registry http://npm.spatie.be/
122 silly mapToRegistry data Result {
122 silly mapToRegistry   raw: 'vuex',
122 silly mapToRegistry   scope: null,
122 silly mapToRegistry   name: 'vuex',
122 silly mapToRegistry   rawSpec: '',
122 silly mapToRegistry   spec: 'latest',
122 silly mapToRegistry   type: 'tag' }
123 silly mapToRegistry uri http://npm.spatie.be/vuex
124 silly mapToRegistry name watchify
125 silly mapToRegistry using default registry
126 silly mapToRegistry registry http://npm.spatie.be/
127 silly mapToRegistry data Result {
127 silly mapToRegistry   raw: 'watchify',
127 silly mapToRegistry   scope: null,
127 silly mapToRegistry   name: 'watchify',
127 silly mapToRegistry   rawSpec: '',
127 silly mapToRegistry   spec: 'latest',
127 silly mapToRegistry   type: 'tag' }
128 silly mapToRegistry uri http://npm.spatie.be/watchify
129 silly mapToRegistry name dragula-constrain
130 silly mapToRegistry using default registry
131 silly mapToRegistry registry http://npm.spatie.be/
132 silly mapToRegistry data Result {
132 silly mapToRegistry   raw: 'dragula-constrain',
132 silly mapToRegistry   scope: null,
132 silly mapToRegistry   name: 'dragula-constrain',
132 silly mapToRegistry   rawSpec: '',
132 silly mapToRegistry   spec: 'latest',
132 silly mapToRegistry   type: 'tag' }
133 silly mapToRegistry uri http://npm.spatie.be/dragula-constrain
134 verbose request uri http://npm.spatie.be/postcss-nesting
135 verbose request no auth needed
136 info attempt registry request try #1 at 5:08:02 PM
137 verbose request using bearer token for auth
138 verbose request id e0c9c14b91d9921b
139 verbose etag "a6cf8afc9c5ff4b02a9dec9ff1ead358"
140 http request GET http://npm.spatie.be/postcss-nesting
141 verbose request uri http://npm.spatie.be/babel-plugin-syntax-object-rest-spread
142 verbose request no auth needed
143 info attempt registry request try #1 at 5:08:02 PM
144 verbose request using bearer token for auth
145 verbose etag "ed29f885b4880df168ac7e9f2ca2eb3a"
146 http request GET http://npm.spatie.be/babel-plugin-syntax-object-rest-spread
147 verbose request uri http://npm.spatie.be/babel-cli
148 verbose request no auth needed
149 info attempt registry request try #1 at 5:08:02 PM
150 verbose request using bearer token for auth
151 verbose etag "6f69d317a8efe500937ea7fa9e3bc043"
152 http request GET http://npm.spatie.be/babel-cli
153 verbose request uri http://npm.spatie.be/babel-plugin-transform-node-env-inline
154 verbose request no auth needed
155 info attempt registry request try #1 at 5:08:02 PM
156 verbose request using bearer token for auth
157 verbose etag "f4148873803d01d67a38bb6e6f6dfe5b"
158 http request GET http://npm.spatie.be/babel-plugin-transform-node-env-inline
159 verbose request uri http://npm.spatie.be/babel-preset-es2015
160 verbose request no auth needed
161 info attempt registry request try #1 at 5:08:02 PM
162 verbose request using bearer token for auth
163 verbose etag "53cda09be4862806f4fa011f71a8b618"
164 http request GET http://npm.spatie.be/babel-preset-es2015
165 verbose request uri http://npm.spatie.be/babel-register
166 verbose request no auth needed
167 info attempt registry request try #1 at 5:08:02 PM
168 verbose request using bearer token for auth
169 verbose etag "abb2ee88cbf0951e5b894a17f1af377f"
170 http request GET http://npm.spatie.be/babel-register
171 verbose request uri http://npm.spatie.be/concurrently
172 verbose request no auth needed
173 info attempt registry request try #1 at 5:08:02 PM
174 verbose request using bearer token for auth
175 verbose etag "1462c97f807032c6c5240b2d5e6e441e"
176 http request GET http://npm.spatie.be/concurrently
177 verbose request uri http://npm.spatie.be/dropzone
178 verbose request no auth needed
179 info attempt registry request try #1 at 5:08:02 PM
180 verbose request using bearer token for auth
181 verbose etag "ac7e9331632164c00aed1a625ef13495"
182 http request GET http://npm.spatie.be/dropzone
183 verbose request uri http://npm.spatie.be/babelify
184 verbose request no auth needed
185 info attempt registry request try #1 at 5:08:02 PM
186 verbose request using bearer token for auth
187 verbose etag "b7e83d1be6b5fd94cf67f7f309e1db37"
188 http request GET http://npm.spatie.be/babelify
189 verbose request uri http://npm.spatie.be/autoprefixer
190 verbose request no auth needed
191 info attempt registry request try #1 at 5:08:02 PM
192 verbose request using bearer token for auth
193 verbose etag "fdd7c19ac51883657783bcd786ecdcee"
194 http request GET http://npm.spatie.be/autoprefixer
195 verbose request uri http://npm.spatie.be/font-awesome-filetypes
196 verbose request no auth needed
197 info attempt registry request try #1 at 5:08:02 PM
198 verbose request using bearer token for auth
199 verbose etag "e21f5e5f99f031abd4e82144dc831a72"
200 http request GET http://npm.spatie.be/font-awesome-filetypes
201 verbose request uri http://npm.spatie.be/dragula
202 verbose request no auth needed
203 info attempt registry request try #1 at 5:08:02 PM
204 verbose request using bearer token for auth
205 verbose etag "7a4e4f23ce00d6aa080f4b5bf3d67563"
206 http request GET http://npm.spatie.be/dragula
207 verbose request uri http://npm.spatie.be/chai
208 verbose request no auth needed
209 info attempt registry request try #1 at 5:08:02 PM
210 verbose request using bearer token for auth
211 verbose etag "9aed3c5dd8c36604b3e7f151a62e60a6"
212 http request GET http://npm.spatie.be/chai
213 verbose request uri http://npm.spatie.be/express
214 verbose request no auth needed
215 info attempt registry request try #1 at 5:08:02 PM
216 verbose request using bearer token for auth
217 verbose etag "0bdaf9de98d2a5683d659432af25d3ff"
218 http request GET http://npm.spatie.be/express
219 verbose request uri http://npm.spatie.be/eslint
220 verbose request no auth needed
221 info attempt registry request try #1 at 5:08:02 PM
222 verbose request using bearer token for auth
223 verbose etag "34840a98712d5cab63022b81c4c09fbf"
224 http request GET http://npm.spatie.be/eslint
225 verbose request uri http://npm.spatie.be/postcss-cli
226 verbose request no auth needed
227 info attempt registry request try #1 at 5:08:02 PM
228 verbose request using bearer token for auth
229 verbose etag "57fa7a11cb83888b5c2db72c5ba5b459"
230 http request GET http://npm.spatie.be/postcss-cli
231 verbose request uri http://npm.spatie.be/multer
232 verbose request no auth needed
233 info attempt registry request try #1 at 5:08:02 PM
234 verbose request using bearer token for auth
235 verbose etag "7646cfae55e1ad01f3cd381d71725d2c"
236 http request GET http://npm.spatie.be/multer
237 verbose request uri http://npm.spatie.be/mocha
238 verbose request no auth needed
239 info attempt registry request try #1 at 5:08:02 PM
240 verbose request using bearer token for auth
241 verbose etag "abfade932396abfc0a2dd450c51493ff"
242 http request GET http://npm.spatie.be/mocha
243 verbose request uri http://npm.spatie.be/postcss-easy-import
244 verbose request no auth needed
245 info attempt registry request try #1 at 5:08:02 PM
246 verbose request using bearer token for auth
247 verbose etag "8c3bd58cbf3e7a5e7e6802134b537e96"
248 http request GET http://npm.spatie.be/postcss-easy-import
249 verbose request uri http://npm.spatie.be/vuex
250 verbose request no auth needed
251 info attempt registry request try #1 at 5:08:02 PM
252 verbose request using bearer token for auth
253 verbose etag "98d448b84378b53876f48abe9cdb370e"
254 http request GET http://npm.spatie.be/vuex
255 verbose request uri http://npm.spatie.be/postcss-import
256 verbose request no auth needed
257 info attempt registry request try #1 at 5:08:02 PM
258 verbose request using bearer token for auth
259 verbose etag "fea613bb380da55264a5af4f8f057440"
260 http request GET http://npm.spatie.be/postcss-import
261 verbose request uri http://npm.spatie.be/dragula-constrain
262 verbose request no auth needed
263 info attempt registry request try #1 at 5:08:02 PM
264 verbose request using bearer token for auth
265 verbose etag "6e3625bef07145aaaf4a1528d14be3ff"
266 http request GET http://npm.spatie.be/dragula-constrain
267 verbose request uri http://npm.spatie.be/vue
268 verbose request no auth needed
269 info attempt registry request try #1 at 5:08:02 PM
270 verbose request using bearer token for auth
271 verbose etag "0b9eec89c2e51066a9d861fa5bb3aed6"
272 http request GET http://npm.spatie.be/vue
273 verbose request uri http://npm.spatie.be/postcss-simple-vars
274 verbose request no auth needed
275 info attempt registry request try #1 at 5:08:02 PM
276 verbose request using bearer token for auth
277 verbose etag "cd03ec4f25a27a6260026f2d89839be4"
278 http request GET http://npm.spatie.be/postcss-simple-vars
279 verbose request uri http://npm.spatie.be/postcss-nested
280 verbose request no auth needed
281 info attempt registry request try #1 at 5:08:02 PM
282 verbose request using bearer token for auth
283 verbose etag "6380930949541b4be6115539ec15ad14"
284 http request GET http://npm.spatie.be/postcss-nested
285 verbose request uri http://npm.spatie.be/watchify
286 verbose request no auth needed
287 info attempt registry request try #1 at 5:08:02 PM
288 verbose request using bearer token for auth
289 verbose etag "eca3c622f3dce32521895bfb13733bd1"
290 http request GET http://npm.spatie.be/watchify
291 http 304 http://npm.spatie.be/express
292 verbose headers { server: 'nginx/1.9.11',
292 verbose headers   date: 'Fri, 01 Jul 2016 15:07:59 GMT',
292 verbose headers   connection: 'keep-alive',
292 verbose headers   'x-powered-by': 'Sinopia/1.4.0',
292 verbose headers   etag: '"0bdaf9de98d2a5683d659432af25d3ff"',
292 verbose headers   'x-status-cat': 'http://flic.kr/p/aXY3dH' }
293 silly get cb [ 304,
293 silly get   { server: 'nginx/1.9.11',
293 silly get     date: 'Fri, 01 Jul 2016 15:07:59 GMT',
293 silly get     connection: 'keep-alive',
293 silly get     'x-powered-by': 'Sinopia/1.4.0',
293 silly get     etag: '"0bdaf9de98d2a5683d659432af25d3ff"',
293 silly get     'x-status-cat': 'http://flic.kr/p/aXY3dH' } ]
294 verbose etag http://npm.spatie.be/express from cache
295 verbose get saving express to /Users/willem/.npm/npm.spatie.be/express/.cache.json
296 verbose correctMkdir /Users/willem/.npm correctMkdir not in flight; initializing
297 http 304 http://npm.spatie.be/babel-preset-es2015
298 verbose headers { server: 'nginx/1.9.11',
298 verbose headers   date: 'Fri, 01 Jul 2016 15:07:59 GMT',
298 verbose headers   connection: 'keep-alive',
298 verbose headers   'x-powered-by': 'Sinopia/1.4.0',
298 verbose headers   etag: '"53cda09be4862806f4fa011f71a8b618"',
298 verbose headers   'x-status-cat': 'http://flic.kr/p/aXY3dH' }
299 silly get cb [ 304,
299 silly get   { server: 'nginx/1.9.11',
299 silly get     date: 'Fri, 01 Jul 2016 15:07:59 GMT',
299 silly get     connection: 'keep-alive',
299 silly get     'x-powered-by': 'Sinopia/1.4.0',
299 silly get     etag: '"53cda09be4862806f4fa011f71a8b618"',
299 silly get     'x-status-cat': 'http://flic.kr/p/aXY3dH' } ]
300 verbose etag http://npm.spatie.be/babel-preset-es2015 from cache
301 verbose get saving babel-preset-es2015 to /Users/willem/.npm/npm.spatie.be/babel-preset-es2015/.cache.json
302 verbose correctMkdir /Users/willem/.npm correctMkdir already in flight; waiting
303 http 304 http://npm.spatie.be/concurrently
304 verbose headers { server: 'nginx/1.9.11',
304 verbose headers   date: 'Fri, 01 Jul 2016 15:07:59 GMT',
304 verbose headers   connection: 'keep-alive',
304 verbose headers   'x-powered-by': 'Sinopia/1.4.0',
304 verbose headers   etag: '"1462c97f807032c6c5240b2d5e6e441e"',
304 verbose headers   'x-status-cat': 'http://flic.kr/p/aXY3dH' }
305 silly get cb [ 304,
305 silly get   { server: 'nginx/1.9.11',
305 silly get     date: 'Fri, 01 Jul 2016 15:07:59 GMT',
305 silly get     connection: 'keep-alive',
305 silly get     'x-powered-by': 'Sinopia/1.4.0',
305 silly get     etag: '"1462c97f807032c6c5240b2d5e6e441e"',
305 silly get     'x-status-cat': 'http://flic.kr/p/aXY3dH' } ]
306 verbose etag http://npm.spatie.be/concurrently from cache
307 verbose get saving concurrently to /Users/willem/.npm/npm.spatie.be/concurrently/.cache.json
308 verbose correctMkdir /Users/willem/.npm correctMkdir not in flight; initializing
309 http 304 http://npm.spatie.be/dragula
310 verbose headers { server: 'nginx/1.9.11',
310 verbose headers   date: 'Fri, 01 Jul 2016 15:07:59 GMT',
310 verbose headers   connection: 'keep-alive',
310 verbose headers   'x-powered-by': 'Sinopia/1.4.0',
310 verbose headers   etag: '"7a4e4f23ce00d6aa080f4b5bf3d67563"',
310 verbose headers   'x-status-cat': 'http://flic.kr/p/aXY3dH' }
311 silly get cb [ 304,
311 silly get   { server: 'nginx/1.9.11',
311 silly get     date: 'Fri, 01 Jul 2016 15:07:59 GMT',
311 silly get     connection: 'keep-alive',
311 silly get     'x-powered-by': 'Sinopia/1.4.0',
311 silly get     etag: '"7a4e4f23ce00d6aa080f4b5bf3d67563"',
311 silly get     'x-status-cat': 'http://flic.kr/p/aXY3dH' } ]
312 verbose etag http://npm.spatie.be/dragula from cache
313 verbose get saving dragula to /Users/willem/.npm/npm.spatie.be/dragula/.cache.json
314 verbose correctMkdir /Users/willem/.npm correctMkdir not in flight; initializing
315 http 200 http://npm.spatie.be/babel-plugin-syntax-object-rest-spread
316 verbose headers { server: 'nginx/1.9.11',
316 verbose headers   date: 'Fri, 01 Jul 2016 15:07:59 GMT',
316 verbose headers   'content-type': 'application/json; charset=utf-8',
316 verbose headers   'transfer-encoding': 'chunked',
316 verbose headers   connection: 'keep-alive',
316 verbose headers   'x-powered-by': 'Sinopia/1.4.0',
316 verbose headers   etag: '"8237b1cdcf136059a2308e619d50258f"',
316 verbose headers   vary: 'Accept-Encoding',
316 verbose headers   'content-encoding': 'gzip',
316 verbose headers   'x-status-cat': 'http://flic.kr/p/aVuVsF' }
317 silly get cb [ 200,
317 silly get   { server: 'nginx/1.9.11',
317 silly get     date: 'Fri, 01 Jul 2016 15:07:59 GMT',
317 silly get     'content-type': 'application/json; charset=utf-8',
317 silly get     'transfer-encoding': 'chunked',
317 silly get     connection: 'keep-alive',
317 silly get     'x-powered-by': 'Sinopia/1.4.0',
317 silly get     etag: '"8237b1cdcf136059a2308e619d50258f"',
317 silly get     vary: 'Accept-Encoding',
317 silly get     'content-encoding': 'gzip',
317 silly get     'x-status-cat': 'http://flic.kr/p/aVuVsF' } ]
318 verbose get saving babel-plugin-syntax-object-rest-spread to /Users/willem/.npm/npm.spatie.be/babel-plugin-syntax-object-rest-spread/.cache.json
319 verbose correctMkdir /Users/willem/.npm correctMkdir not in flight; initializing
320 http 200 http://npm.spatie.be/postcss-nesting
321 verbose headers { server: 'nginx/1.9.11',
321 verbose headers   date: 'Fri, 01 Jul 2016 15:07:59 GMT',
321 verbose headers   'content-type': 'application/json; charset=utf-8',
321 verbose headers   'transfer-encoding': 'chunked',
321 verbose headers   connection: 'keep-alive',
321 verbose headers   'x-powered-by': 'Sinopia/1.4.0',
321 verbose headers   etag: '"9fa26cd63e7918ec73f92254b02655fd"',
321 verbose headers   vary: 'Accept-Encoding',
321 verbose headers   'content-encoding': 'gzip',
321 verbose headers   'x-status-cat': 'http://flic.kr/p/aVuVsF' }
322 silly get cb [ 200,
322 silly get   { server: 'nginx/1.9.11',
322 silly get     date: 'Fri, 01 Jul 2016 15:07:59 GMT',
322 silly get     'content-type': 'application/json; charset=utf-8',
322 silly get     'transfer-encoding': 'chunked',
322 silly get     connection: 'keep-alive',
322 silly get     'x-powered-by': 'Sinopia/1.4.0',
322 silly get     etag: '"9fa26cd63e7918ec73f92254b02655fd"',
322 silly get     vary: 'Accept-Encoding',
322 silly get     'content-encoding': 'gzip',
322 silly get     'x-status-cat': 'http://flic.kr/p/aVuVsF' } ]
323 verbose get saving postcss-nesting to /Users/willem/.npm/npm.spatie.be/postcss-nesting/.cache.json
324 verbose correctMkdir /Users/willem/.npm correctMkdir not in flight; initializing
325 http 200 http://npm.spatie.be/babel-register
326 verbose headers { server: 'nginx/1.9.11',
326 verbose headers   date: 'Fri, 01 Jul 2016 15:07:59 GMT',
326 verbose headers   'content-type': 'application/json; charset=utf-8',
326 verbose headers   'transfer-encoding': 'chunked',
326 verbose headers   connection: 'keep-alive',
326 verbose headers   'x-powered-by': 'Sinopia/1.4.0',
326 verbose headers   etag: '"332a78f656b36300fb5ff88a0d09eedd"',
326 verbose headers   vary: 'Accept-Encoding',
326 verbose headers   'content-encoding': 'gzip',
326 verbose headers   'x-status-cat': 'http://flic.kr/p/aVuVsF' }
327 silly get cb [ 200,
327 silly get   { server: 'nginx/1.9.11',
327 silly get     date: 'Fri, 01 Jul 2016 15:07:59 GMT',
327 silly get     'content-type': 'application/json; charset=utf-8',
327 silly get     'transfer-encoding': 'chunked',
327 silly get     connection: 'keep-alive',
327 silly get     'x-powered-by': 'Sinopia/1.4.0',
327 silly get     etag: '"332a78f656b36300fb5ff88a0d09eedd"',
327 silly get     vary: 'Accept-Encoding',
327 silly get     'content-encoding': 'gzip',
327 silly get     'x-status-cat': 'http://flic.kr/p/aVuVsF' } ]
328 verbose get saving babel-register to /Users/willem/.npm/npm.spatie.be/babel-register/.cache.json
329 verbose correctMkdir /Users/willem/.npm correctMkdir not in flight; initializing
330 http 200 http://npm.spatie.be/babelify
331 verbose headers { server: 'nginx/1.9.11',
331 verbose headers   date: 'Fri, 01 Jul 2016 15:07:59 GMT',
331 verbose headers   'content-type': 'application/json; charset=utf-8',
331 verbose headers   'transfer-encoding': 'chunked',
331 verbose headers   connection: 'keep-alive',
331 verbose headers   'x-powered-by': 'Sinopia/1.4.0',
331 verbose headers   etag: '"14db329cdb73d8f90c012c499ebc8d3a"',
331 verbose headers   vary: 'Accept-Encoding',
331 verbose headers   'content-encoding': 'gzip',
331 verbose headers   'x-status-cat': 'http://flic.kr/p/aVuVsF' }
332 silly get cb [ 200,
332 silly get   { server: 'nginx/1.9.11',
332 silly get     date: 'Fri, 01 Jul 2016 15:07:59 GMT',
332 silly get     'content-type': 'application/json; charset=utf-8',
332 silly get     'transfer-encoding': 'chunked',
332 silly get     connection: 'keep-alive',
332 silly get     'x-powered-by': 'Sinopia/1.4.0',
332 silly get     etag: '"14db329cdb73d8f90c012c499ebc8d3a"',
332 silly get     vary: 'Accept-Encoding',
332 silly get     'content-encoding': 'gzip',
332 silly get     'x-status-cat': 'http://flic.kr/p/aVuVsF' } ]
333 verbose get saving babelify to /Users/willem/.npm/npm.spatie.be/babelify/.cache.json
334 verbose correctMkdir /Users/willem/.npm correctMkdir not in flight; initializing
335 http 200 http://npm.spatie.be/dropzone
336 verbose headers { server: 'nginx/1.9.11',
336 verbose headers   date: 'Fri, 01 Jul 2016 15:07:59 GMT',
336 verbose headers   'content-type': 'application/json; charset=utf-8',
336 verbose headers   'transfer-encoding': 'chunked',
336 verbose headers   connection: 'keep-alive',
336 verbose headers   'x-powered-by': 'Sinopia/1.4.0',
336 verbose headers   etag: '"b447c35bc5724c321f8aee190520f1a5"',
336 verbose headers   vary: 'Accept-Encoding',
336 verbose headers   'content-encoding': 'gzip',
336 verbose headers   'x-status-cat': 'http://flic.kr/p/aVuVsF' }
337 silly get cb [ 200,
337 silly get   { server: 'nginx/1.9.11',
337 silly get     date: 'Fri, 01 Jul 2016 15:07:59 GMT',
337 silly get     'content-type': 'application/json; charset=utf-8',
337 silly get     'transfer-encoding': 'chunked',
337 silly get     connection: 'keep-alive',
337 silly get     'x-powered-by': 'Sinopia/1.4.0',
337 silly get     etag: '"b447c35bc5724c321f8aee190520f1a5"',
337 silly get     vary: 'Accept-Encoding',
337 silly get     'content-encoding': 'gzip',
337 silly get     'x-status-cat': 'http://flic.kr/p/aVuVsF' } ]
338 verbose get saving dropzone to /Users/willem/.npm/npm.spatie.be/dropzone/.cache.json
339 verbose correctMkdir /Users/willem/.npm correctMkdir not in flight; initializing
340 http 304 http://npm.spatie.be/font-awesome-filetypes
341 verbose headers { server: 'nginx/1.9.11',
341 verbose headers   date: 'Fri, 01 Jul 2016 15:07:59 GMT',
341 verbose headers   connection: 'keep-alive',
341 verbose headers   'x-powered-by': 'Sinopia/1.4.0',
341 verbose headers   etag: '"e21f5e5f99f031abd4e82144dc831a72"',
341 verbose headers   'x-status-cat': 'http://flic.kr/p/aXY3dH' }
342 silly get cb [ 304,
342 silly get   { server: 'nginx/1.9.11',
342 silly get     date: 'Fri, 01 Jul 2016 15:07:59 GMT',
342 silly get     connection: 'keep-alive',
342 silly get     'x-powered-by': 'Sinopia/1.4.0',
342 silly get     etag: '"e21f5e5f99f031abd4e82144dc831a72"',
342 silly get     'x-status-cat': 'http://flic.kr/p/aXY3dH' } ]
343 verbose etag http://npm.spatie.be/font-awesome-filetypes from cache
344 verbose get saving font-awesome-filetypes to /Users/willem/.npm/npm.spatie.be/font-awesome-filetypes/.cache.json
345 verbose correctMkdir /Users/willem/.npm correctMkdir not in flight; initializing
346 http 200 http://npm.spatie.be/chai
347 verbose headers { server: 'nginx/1.9.11',
347 verbose headers   date: 'Fri, 01 Jul 2016 15:07:59 GMT',
347 verbose headers   'content-type': 'application/json; charset=utf-8',
347 verbose headers   'transfer-encoding': 'chunked',
347 verbose headers   connection: 'keep-alive',
347 verbose headers   'x-powered-by': 'Sinopia/1.4.0',
347 verbose headers   etag: '"c0cb856d0a3e4f60af62266fd880192b"',
347 verbose headers   vary: 'Accept-Encoding',
347 verbose headers   'content-encoding': 'gzip',
347 verbose headers   'x-status-cat': 'http://flic.kr/p/aVuVsF' }
348 silly get cb [ 200,
348 silly get   { server: 'nginx/1.9.11',
348 silly get     date: 'Fri, 01 Jul 2016 15:07:59 GMT',
348 silly get     'content-type': 'application/json; charset=utf-8',
348 silly get     'transfer-encoding': 'chunked',
348 silly get     connection: 'keep-alive',
348 silly get     'x-powered-by': 'Sinopia/1.4.0',
348 silly get     etag: '"c0cb856d0a3e4f60af62266fd880192b"',
348 silly get     vary: 'Accept-Encoding',
348 silly get     'content-encoding': 'gzip',
348 silly get     'x-status-cat': 'http://flic.kr/p/aVuVsF' } ]
349 verbose get saving chai to /Users/willem/.npm/npm.spatie.be/chai/.cache.json
350 verbose correctMkdir /Users/willem/.npm correctMkdir not in flight; initializing
351 http 304 http://npm.spatie.be/dragula-constrain
352 verbose headers { server: 'nginx/1.9.11',
352 verbose headers   date: 'Fri, 01 Jul 2016 15:07:59 GMT',
352 verbose headers   connection: 'keep-alive',
352 verbose headers   'x-powered-by': 'Sinopia/1.4.0',
352 verbose headers   etag: '"6e3625bef07145aaaf4a1528d14be3ff"',
352 verbose headers   'x-status-cat': 'http://flic.kr/p/aXY3dH' }
353 silly get cb [ 304,
353 silly get   { server: 'nginx/1.9.11',
353 silly get     date: 'Fri, 01 Jul 2016 15:07:59 GMT',
353 silly get     connection: 'keep-alive',
353 silly get     'x-powered-by': 'Sinopia/1.4.0',
353 silly get     etag: '"6e3625bef07145aaaf4a1528d14be3ff"',
353 silly get     'x-status-cat': 'http://flic.kr/p/aXY3dH' } ]
354 verbose etag http://npm.spatie.be/dragula-constrain from cache
355 verbose get saving dragula-constrain to /Users/willem/.npm/npm.spatie.be/dragula-constrain/.cache.json
356 verbose correctMkdir /Users/willem/.npm correctMkdir not in flight; initializing
357 http 304 http://npm.spatie.be/vuex
358 verbose headers { server: 'nginx/1.9.11',
358 verbose headers   date: 'Fri, 01 Jul 2016 15:07:59 GMT',
358 verbose headers   connection: 'keep-alive',
358 verbose headers   'x-powered-by': 'Sinopia/1.4.0',
358 verbose headers   etag: '"98d448b84378b53876f48abe9cdb370e"',
358 verbose headers   'x-status-cat': 'http://flic.kr/p/aXY3dH' }
359 silly get cb [ 304,
359 silly get   { server: 'nginx/1.9.11',
359 silly get     date: 'Fri, 01 Jul 2016 15:07:59 GMT',
359 silly get     connection: 'keep-alive',
359 silly get     'x-powered-by': 'Sinopia/1.4.0',
359 silly get     etag: '"98d448b84378b53876f48abe9cdb370e"',
359 silly get     'x-status-cat': 'http://flic.kr/p/aXY3dH' } ]
360 verbose etag http://npm.spatie.be/vuex from cache
361 verbose get saving vuex to /Users/willem/.npm/npm.spatie.be/vuex/.cache.json
362 verbose correctMkdir /Users/willem/.npm correctMkdir not in flight; initializing
363 silly cache add args [ 'dragula-constrain', '^0.1.1' ]
364 verbose cache add spec dragula-constrain@^0.1.1
365 silly cache add parsed spec Result {
365 silly cache add   raw: 'dragula-constrain@^0.1.1',
365 silly cache add   scope: null,
365 silly cache add   name: 'dragula-constrain',
365 silly cache add   rawSpec: '^0.1.1',
365 silly cache add   spec: '>=0.1.1 <0.2.0',
365 silly cache add   type: 'range' }
366 silly addNamed dragula-constrain@>=0.1.1 <0.2.0
367 verbose addNamed ">=0.1.1 <0.2.0" is a valid semver range for dragula-constrain
368 silly addNameRange { name: 'dragula-constrain',
368 silly addNameRange   range: '>=0.1.1 <0.2.0',
368 silly addNameRange   hasData: false }
369 silly mapToRegistry name dragula-constrain
370 silly mapToRegistry using default registry
371 silly mapToRegistry registry http://npm.spatie.be/
372 silly mapToRegistry data Result {
372 silly mapToRegistry   raw: 'dragula-constrain',
372 silly mapToRegistry   scope: null,
372 silly mapToRegistry   name: 'dragula-constrain',
372 silly mapToRegistry   rawSpec: '',
372 silly mapToRegistry   spec: 'latest',
372 silly mapToRegistry   type: 'tag' }
373 silly mapToRegistry uri http://npm.spatie.be/dragula-constrain
374 verbose addNameRange registry:http://npm.spatie.be/dragula-constrain not in flight; fetching
375 verbose get http://npm.spatie.be/dragula-constrain not expired, no request
376 silly addNameRange number 2 { name: 'dragula-constrain',
376 silly addNameRange   range: '>=0.1.1 <0.2.0',
376 silly addNameRange   hasData: true }
377 silly addNameRange versions [ 'dragula-constrain', [ '0.1.0' ] ]
378 http 200 http://npm.spatie.be/autoprefixer
379 verbose headers { server: 'nginx/1.9.11',
379 verbose headers   date: 'Fri, 01 Jul 2016 15:07:59 GMT',
379 verbose headers   'content-type': 'application/json; charset=utf-8',
379 verbose headers   'transfer-encoding': 'chunked',
379 verbose headers   connection: 'keep-alive',
379 verbose headers   'x-powered-by': 'Sinopia/1.4.0',
379 verbose headers   etag: '"1fa91d63ffaedb88cbf0e266ccc5a0a9"',
379 verbose headers   vary: 'Accept-Encoding',
379 verbose headers   'content-encoding': 'gzip',
379 verbose headers   'x-status-cat': 'http://flic.kr/p/aVuVsF' }
380 silly get cb [ 200,
380 silly get   { server: 'nginx/1.9.11',
380 silly get     date: 'Fri, 01 Jul 2016 15:07:59 GMT',
380 silly get     'content-type': 'application/json; charset=utf-8',
380 silly get     'transfer-encoding': 'chunked',
380 silly get     connection: 'keep-alive',
380 silly get     'x-powered-by': 'Sinopia/1.4.0',
380 silly get     etag: '"1fa91d63ffaedb88cbf0e266ccc5a0a9"',
380 silly get     vary: 'Accept-Encoding',
380 silly get     'content-encoding': 'gzip',
380 silly get     'x-status-cat': 'http://flic.kr/p/aVuVsF' } ]
381 verbose get saving autoprefixer to /Users/willem/.npm/npm.spatie.be/autoprefixer/.cache.json
382 verbose correctMkdir /Users/willem/.npm correctMkdir not in flight; initializing
383 http 304 http://npm.spatie.be/postcss-easy-import
384 verbose headers { server: 'nginx/1.9.11',
384 verbose headers   date: 'Fri, 01 Jul 2016 15:07:59 GMT',
384 verbose headers   connection: 'keep-alive',
384 verbose headers   'x-powered-by': 'Sinopia/1.4.0',
384 verbose headers   etag: '"8c3bd58cbf3e7a5e7e6802134b537e96"',
384 verbose headers   'x-status-cat': 'http://flic.kr/p/aXY3dH' }
385 silly get cb [ 304,
385 silly get   { server: 'nginx/1.9.11',
385 silly get     date: 'Fri, 01 Jul 2016 15:07:59 GMT',
385 silly get     connection: 'keep-alive',
385 silly get     'x-powered-by': 'Sinopia/1.4.0',
385 silly get     etag: '"8c3bd58cbf3e7a5e7e6802134b537e96"',
385 silly get     'x-status-cat': 'http://flic.kr/p/aXY3dH' } ]
386 verbose etag http://npm.spatie.be/postcss-easy-import from cache
387 verbose get saving postcss-easy-import to /Users/willem/.npm/npm.spatie.be/postcss-easy-import/.cache.json
388 verbose correctMkdir /Users/willem/.npm correctMkdir not in flight; initializing
389 http 200 http://npm.spatie.be/mocha
390 verbose headers { server: 'nginx/1.9.11',
390 verbose headers   date: 'Fri, 01 Jul 2016 15:07:59 GMT',
390 verbose headers   'content-type': 'application/json; charset=utf-8',
390 verbose headers   'transfer-encoding': 'chunked',
390 verbose headers   connection: 'keep-alive',
390 verbose headers   'x-powered-by': 'Sinopia/1.4.0',
390 verbose headers   etag: '"a4f3fe91105fe5aff953cac80d547780"',
390 verbose headers   vary: 'Accept-Encoding',
390 verbose headers   'content-encoding': 'gzip',
390 verbose headers   'x-status-cat': 'http://flic.kr/p/aVuVsF' }
391 silly get cb [ 200,
391 silly get   { server: 'nginx/1.9.11',
391 silly get     date: 'Fri, 01 Jul 2016 15:07:59 GMT',
391 silly get     'content-type': 'application/json; charset=utf-8',
391 silly get     'transfer-encoding': 'chunked',
391 silly get     connection: 'keep-alive',
391 silly get     'x-powered-by': 'Sinopia/1.4.0',
391 silly get     etag: '"a4f3fe91105fe5aff953cac80d547780"',
391 silly get     vary: 'Accept-Encoding',
391 silly get     'content-encoding': 'gzip',
391 silly get     'x-status-cat': 'http://flic.kr/p/aVuVsF' } ]
392 verbose get saving mocha to /Users/willem/.npm/npm.spatie.be/mocha/.cache.json
393 verbose correctMkdir /Users/willem/.npm correctMkdir not in flight; initializing
394 http 200 http://npm.spatie.be/watchify
395 verbose headers { server: 'nginx/1.9.11',
395 verbose headers   date: 'Fri, 01 Jul 2016 15:07:59 GMT',
395 verbose headers   'content-type': 'application/json; charset=utf-8',
395 verbose headers   'transfer-encoding': 'chunked',
395 verbose headers   connection: 'keep-alive',
395 verbose headers   'x-powered-by': 'Sinopia/1.4.0',
395 verbose headers   etag: '"af83df24b5f7b80e5e2b90781a03db02"',
395 verbose headers   vary: 'Accept-Encoding',
395 verbose headers   'content-encoding': 'gzip',
395 verbose headers   'x-status-cat': 'http://flic.kr/p/aVuVsF' }
396 silly get cb [ 200,
396 silly get   { server: 'nginx/1.9.11',
396 silly get     date: 'Fri, 01 Jul 2016 15:07:59 GMT',
396 silly get     'content-type': 'application/json; charset=utf-8',
396 silly get     'transfer-encoding': 'chunked',
396 silly get     connection: 'keep-alive',
396 silly get     'x-powered-by': 'Sinopia/1.4.0',
396 silly get     etag: '"af83df24b5f7b80e5e2b90781a03db02"',
396 silly get     vary: 'Accept-Encoding',
396 silly get     'content-encoding': 'gzip',
396 silly get     'x-status-cat': 'http://flic.kr/p/aVuVsF' } ]
397 verbose get saving watchify to /Users/willem/.npm/npm.spatie.be/watchify/.cache.json
398 verbose correctMkdir /Users/willem/.npm correctMkdir not in flight; initializing
399 http 200 http://npm.spatie.be/multer
400 verbose headers { server: 'nginx/1.9.11',
400 verbose headers   date: 'Fri, 01 Jul 2016 15:07:59 GMT',
400 verbose headers   'content-type': 'application/json; charset=utf-8',
400 verbose headers   'transfer-encoding': 'chunked',
400 verbose headers   connection: 'keep-alive',
400 verbose headers   'x-powered-by': 'Sinopia/1.4.0',
400 verbose headers   etag: '"9667a4cb011b555d266527758bedc106"',
400 verbose headers   vary: 'Accept-Encoding',
400 verbose headers   'content-encoding': 'gzip',
400 verbose headers   'x-status-cat': 'http://flic.kr/p/aVuVsF' }
401 silly get cb [ 200,
401 silly get   { server: 'nginx/1.9.11',
401 silly get     date: 'Fri, 01 Jul 2016 15:07:59 GMT',
401 silly get     'content-type': 'application/json; charset=utf-8',
401 silly get     'transfer-encoding': 'chunked',
401 silly get     connection: 'keep-alive',
401 silly get     'x-powered-by': 'Sinopia/1.4.0',
401 silly get     etag: '"9667a4cb011b555d266527758bedc106"',
401 silly get     vary: 'Accept-Encoding',
401 silly get     'content-encoding': 'gzip',
401 silly get     'x-status-cat': 'http://flic.kr/p/aVuVsF' } ]
402 verbose get saving multer to /Users/willem/.npm/npm.spatie.be/multer/.cache.json
403 verbose correctMkdir /Users/willem/.npm correctMkdir not in flight; initializing
404 http 200 http://npm.spatie.be/babel-cli
405 verbose headers { server: 'nginx/1.9.11',
405 verbose headers   date: 'Fri, 01 Jul 2016 15:07:59 GMT',
405 verbose headers   'content-type': 'application/json; charset=utf-8',
405 verbose headers   'transfer-encoding': 'chunked',
405 verbose headers   connection: 'keep-alive',
405 verbose headers   'x-powered-by': 'Sinopia/1.4.0',
405 verbose headers   etag: '"33ac60038fc0f20ec22b995da0d60cd8"',
405 verbose headers   vary: 'Accept-Encoding',
405 verbose headers   'content-encoding': 'gzip',
405 verbose headers   'x-status-cat': 'http://flic.kr/p/aVuVsF' }
406 silly get cb [ 200,
406 silly get   { server: 'nginx/1.9.11',
406 silly get     date: 'Fri, 01 Jul 2016 15:07:59 GMT',
406 silly get     'content-type': 'application/json; charset=utf-8',
406 silly get     'transfer-encoding': 'chunked',
406 silly get     connection: 'keep-alive',
406 silly get     'x-powered-by': 'Sinopia/1.4.0',
406 silly get     etag: '"33ac60038fc0f20ec22b995da0d60cd8"',
406 silly get     vary: 'Accept-Encoding',
406 silly get     'content-encoding': 'gzip',
406 silly get     'x-status-cat': 'http://flic.kr/p/aVuVsF' } ]
407 verbose get saving babel-cli to /Users/willem/.npm/npm.spatie.be/babel-cli/.cache.json
408 verbose correctMkdir /Users/willem/.npm correctMkdir not in flight; initializing
409 http 200 http://npm.spatie.be/vue
410 verbose headers { server: 'nginx/1.9.11',
410 verbose headers   date: 'Fri, 01 Jul 2016 15:07:59 GMT',
410 verbose headers   'content-type': 'application/json; charset=utf-8',
410 verbose headers   'transfer-encoding': 'chunked',
410 verbose headers   connection: 'keep-alive',
410 verbose headers   'x-powered-by': 'Sinopia/1.4.0',
410 verbose headers   etag: '"b5f4e1a8e5ab7b59ca81ab2ec055822c"',
410 verbose headers   vary: 'Accept-Encoding',
410 verbose headers   'content-encoding': 'gzip',
410 verbose headers   'x-status-cat': 'http://flic.kr/p/aVuVsF' }
411 silly get cb [ 200,
411 silly get   { server: 'nginx/1.9.11',
411 silly get     date: 'Fri, 01 Jul 2016 15:07:59 GMT',
411 silly get     'content-type': 'application/json; charset=utf-8',
411 silly get     'transfer-encoding': 'chunked',
411 silly get     connection: 'keep-alive',
411 silly get     'x-powered-by': 'Sinopia/1.4.0',
411 silly get     etag: '"b5f4e1a8e5ab7b59ca81ab2ec055822c"',
411 silly get     vary: 'Accept-Encoding',
411 silly get     'content-encoding': 'gzip',
411 silly get     'x-status-cat': 'http://flic.kr/p/aVuVsF' } ]
412 verbose get saving vue to /Users/willem/.npm/npm.spatie.be/vue/.cache.json
413 verbose correctMkdir /Users/willem/.npm correctMkdir not in flight; initializing
414 http 200 http://npm.spatie.be/postcss-nested
415 verbose headers { server: 'nginx/1.9.11',
415 verbose headers   date: 'Fri, 01 Jul 2016 15:07:59 GMT',
415 verbose headers   'content-type': 'application/json; charset=utf-8',
415 verbose headers   'transfer-encoding': 'chunked',
415 verbose headers   connection: 'keep-alive',
415 verbose headers   'x-powered-by': 'Sinopia/1.4.0',
415 verbose headers   etag: '"580eae302561c18efa751e2927eca2a5"',
415 verbose headers   vary: 'Accept-Encoding',
415 verbose headers   'content-encoding': 'gzip',
415 verbose headers   'x-status-cat': 'http://flic.kr/p/aVuVsF' }
416 silly get cb [ 200,
416 silly get   { server: 'nginx/1.9.11',
416 silly get     date: 'Fri, 01 Jul 2016 15:07:59 GMT',
416 silly get     'content-type': 'application/json; charset=utf-8',
416 silly get     'transfer-encoding': 'chunked',
416 silly get     connection: 'keep-alive',
416 silly get     'x-powered-by': 'Sinopia/1.4.0',
416 silly get     etag: '"580eae302561c18efa751e2927eca2a5"',
416 silly get     vary: 'Accept-Encoding',
416 silly get     'content-encoding': 'gzip',
416 silly get     'x-status-cat': 'http://flic.kr/p/aVuVsF' } ]
417 verbose get saving postcss-nested to /Users/willem/.npm/npm.spatie.be/postcss-nested/.cache.json
418 verbose correctMkdir /Users/willem/.npm correctMkdir not in flight; initializing
419 http 200 http://npm.spatie.be/postcss-import
420 verbose headers { server: 'nginx/1.9.11',
420 verbose headers   date: 'Fri, 01 Jul 2016 15:07:59 GMT',
420 verbose headers   'content-type': 'application/json; charset=utf-8',
420 verbose headers   'transfer-encoding': 'chunked',
420 verbose headers   connection: 'keep-alive',
420 verbose headers   'x-powered-by': 'Sinopia/1.4.0',
420 verbose headers   etag: '"727fedc4ac05c9374402ac8dd76f80cf"',
420 verbose headers   vary: 'Accept-Encoding',
420 verbose headers   'content-encoding': 'gzip',
420 verbose headers   'x-status-cat': 'http://flic.kr/p/aVuVsF' }
421 silly get cb [ 200,
421 silly get   { server: 'nginx/1.9.11',
421 silly get     date: 'Fri, 01 Jul 2016 15:07:59 GMT',
421 silly get     'content-type': 'application/json; charset=utf-8',
421 silly get     'transfer-encoding': 'chunked',
421 silly get     connection: 'keep-alive',
421 silly get     'x-powered-by': 'Sinopia/1.4.0',
421 silly get     etag: '"727fedc4ac05c9374402ac8dd76f80cf"',
421 silly get     vary: 'Accept-Encoding',
421 silly get     'content-encoding': 'gzip',
421 silly get     'x-status-cat': 'http://flic.kr/p/aVuVsF' } ]
422 verbose get saving postcss-import to /Users/willem/.npm/npm.spatie.be/postcss-import/.cache.json
423 verbose correctMkdir /Users/willem/.npm correctMkdir not in flight; initializing
424 http 200 http://npm.spatie.be/postcss-simple-vars
425 verbose headers { server: 'nginx/1.9.11',
425 verbose headers   date: 'Fri, 01 Jul 2016 15:07:59 GMT',
425 verbose headers   'content-type': 'application/json; charset=utf-8',
425 verbose headers   'transfer-encoding': 'chunked',
425 verbose headers   connection: 'keep-alive',
425 verbose headers   'x-powered-by': 'Sinopia/1.4.0',
425 verbose headers   etag: '"d4f279f9cc4f11a199bf27260d331180"',
425 verbose headers   vary: 'Accept-Encoding',
425 verbose headers   'content-encoding': 'gzip',
425 verbose headers   'x-status-cat': 'http://flic.kr/p/aVuVsF' }
426 silly get cb [ 200,
426 silly get   { server: 'nginx/1.9.11',
426 silly get     date: 'Fri, 01 Jul 2016 15:07:59 GMT',
426 silly get     'content-type': 'application/json; charset=utf-8',
426 silly get     'transfer-encoding': 'chunked',
426 silly get     connection: 'keep-alive',
426 silly get     'x-powered-by': 'Sinopia/1.4.0',
426 silly get     etag: '"d4f279f9cc4f11a199bf27260d331180"',
426 silly get     vary: 'Accept-Encoding',
426 silly get     'content-encoding': 'gzip',
426 silly get     'x-status-cat': 'http://flic.kr/p/aVuVsF' } ]
427 verbose get saving postcss-simple-vars to /Users/willem/.npm/npm.spatie.be/postcss-simple-vars/.cache.json
428 verbose correctMkdir /Users/willem/.npm correctMkdir not in flight; initializing
429 http 200 http://npm.spatie.be/eslint
430 verbose headers { server: 'nginx/1.9.11',
430 verbose headers   date: 'Fri, 01 Jul 2016 15:07:59 GMT',
430 verbose headers   'content-type': 'application/json; charset=utf-8',
430 verbose headers   'transfer-encoding': 'chunked',
430 verbose headers   connection: 'keep-alive',
430 verbose headers   'x-powered-by': 'Sinopia/1.4.0',
430 verbose headers   etag: '"3e3f4de18db2b918a4039fff9053e76a"',
430 verbose headers   vary: 'Accept-Encoding',
430 verbose headers   'content-encoding': 'gzip',
430 verbose headers   'x-status-cat': 'http://flic.kr/p/aVuVsF' }
431 silly get cb [ 200,
431 silly get   { server: 'nginx/1.9.11',
431 silly get     date: 'Fri, 01 Jul 2016 15:07:59 GMT',
431 silly get     'content-type': 'application/json; charset=utf-8',
431 silly get     'transfer-encoding': 'chunked',
431 silly get     connection: 'keep-alive',
431 silly get     'x-powered-by': 'Sinopia/1.4.0',
431 silly get     etag: '"3e3f4de18db2b918a4039fff9053e76a"',
431 silly get     vary: 'Accept-Encoding',
431 silly get     'content-encoding': 'gzip',
431 silly get     'x-status-cat': 'http://flic.kr/p/aVuVsF' } ]
432 verbose get saving eslint to /Users/willem/.npm/npm.spatie.be/eslint/.cache.json
433 verbose correctMkdir /Users/willem/.npm correctMkdir not in flight; initializing
434 http 304 http://npm.spatie.be/babel-plugin-transform-node-env-inline
435 verbose headers { server: 'nginx/1.9.11',
435 verbose headers   date: 'Fri, 01 Jul 2016 15:07:59 GMT',
435 verbose headers   connection: 'keep-alive',
435 verbose headers   'x-powered-by': 'Sinopia/1.4.0',
435 verbose headers   etag: '"f4148873803d01d67a38bb6e6f6dfe5b"',
435 verbose headers   'x-status-cat': 'http://flic.kr/p/aXY3dH' }
436 silly get cb [ 304,
436 silly get   { server: 'nginx/1.9.11',
436 silly get     date: 'Fri, 01 Jul 2016 15:07:59 GMT',
436 silly get     connection: 'keep-alive',
436 silly get     'x-powered-by': 'Sinopia/1.4.0',
436 silly get     etag: '"f4148873803d01d67a38bb6e6f6dfe5b"',
436 silly get     'x-status-cat': 'http://flic.kr/p/aXY3dH' } ]
437 verbose etag http://npm.spatie.be/babel-plugin-transform-node-env-inline from cache
438 verbose get saving babel-plugin-transform-node-env-inline to /Users/willem/.npm/npm.spatie.be/babel-plugin-transform-node-env-inline/.cache.json
439 verbose correctMkdir /Users/willem/.npm correctMkdir not in flight; initializing
440 http 200 http://npm.spatie.be/postcss-cli
441 verbose headers { server: 'nginx/1.9.11',
441 verbose headers   date: 'Fri, 01 Jul 2016 15:07:59 GMT',
441 verbose headers   'content-type': 'application/json; charset=utf-8',
441 verbose headers   'transfer-encoding': 'chunked',
441 verbose headers   connection: 'keep-alive',
441 verbose headers   'x-powered-by': 'Sinopia/1.4.0',
441 verbose headers   etag: '"cb8d9e335363e11d1bb60a06535cdcf9"',
441 verbose headers   vary: 'Accept-Encoding',
441 verbose headers   'content-encoding': 'gzip',
441 verbose headers   'x-status-cat': 'http://flic.kr/p/aVuVsF' }
442 silly get cb [ 200,
442 silly get   { server: 'nginx/1.9.11',
442 silly get     date: 'Fri, 01 Jul 2016 15:07:59 GMT',
442 silly get     'content-type': 'application/json; charset=utf-8',
442 silly get     'transfer-encoding': 'chunked',
442 silly get     connection: 'keep-alive',
442 silly get     'x-powered-by': 'Sinopia/1.4.0',
442 silly get     etag: '"cb8d9e335363e11d1bb60a06535cdcf9"',
442 silly get     vary: 'Accept-Encoding',
442 silly get     'content-encoding': 'gzip',
442 silly get     'x-status-cat': 'http://flic.kr/p/aVuVsF' } ]
443 verbose get saving postcss-cli to /Users/willem/.npm/npm.spatie.be/postcss-cli/.cache.json
444 verbose correctMkdir /Users/willem/.npm correctMkdir not in flight; initializing
445 verbose stack Error: No compatible version found: dragula-constrain@'>=0.1.1 <0.2.0'
445 verbose stack Valid install targets:
445 verbose stack 0.1.0
445 verbose stack
445 verbose stack     at installTargetsError (/usr/local/lib/node_modules/npm/lib/cache/add-named.js:292:12)
445 verbose stack     at next (/usr/local/lib/node_modules/npm/lib/cache/add-named.js:270:19)
445 verbose stack     at setData (/usr/local/lib/node_modules/npm/lib/cache/add-named.js:242:5)
445 verbose stack     at RES (/usr/local/lib/node_modules/npm/node_modules/inflight/inflight.js:23:14)
445 verbose stack     at f (/usr/local/lib/node_modules/npm/node_modules/once/once.js:17:25)
445 verbose stack     at fixName (/usr/local/lib/node_modules/npm/lib/cache/add-named.js:30:5)
445 verbose stack     at /usr/local/lib/node_modules/npm/lib/utils/pulse-till-done.js:19:8
445 verbose stack     at CachingRegistryClient.get_ (/usr/local/lib/node_modules/npm/lib/cache/caching-client.js:126:16)
445 verbose stack     at /usr/local/lib/node_modules/npm/lib/cache/caching-client.js:91:14
445 verbose stack     at /usr/local/lib/node_modules/npm/node_modules/graceful-fs/graceful-fs.js:78:16
446 verbose cwd /Users/willem/Sites/blender-media
447 error Darwin 15.5.0
448 error argv "/usr/local/bin/node" "/usr/local/bin/npm" "update"
449 error node v4.4.4
450 error npm  v3.9.6
451 error code ETARGET
452 error notarget No compatible version found: dragula-constrain@'>=0.1.1 <0.2.0'
452 error notarget Valid install targets:
452 error notarget 0.1.0
453 error notarget This is most likely not a problem with npm itself.
453 error notarget In most cases you or one of your dependencies are requesting
453 error notarget a package version that doesn't exist.
454 verbose exit [ 1, true ]
